2024-05-15 17:57:28,452 [Worker-8: Loading available Gradle versions] INFO  o.e.b.c.i.u.g.PublishedGradleVersions - Gradle version information cache is up-to-date. Trying to read.
2024-05-15 17:59:10,182 [Worker-8: Enabling Maven Dependency Management] INFO  o.e.m.c.i.l.LifecycleMappingFactory - Using org.maven.ide.eclipse.wtp.WarLifecycleMapping lifecycle mapping for MavenProject: AtefOsamaProject:AtefOsamaProject:0.0.1-SNAPSHOT @ C:\Users\marti\OneDrive\Documenti\AtefYasmeenaProject\AtefOsamaProject\pom.xml.
2024-05-15 17:59:10,952 [Worker-8: Enabling Maven Dependency Management] INFO  o.e.m.j.i.AbstractJavaProjectConfigurator - Adding source folder /AtefOsamaProject/src/main/java
2024-05-15 17:59:10,954 [Worker-8: Enabling Maven Dependency Management] INFO  o.e.m.j.i.AbstractJavaProjectConfigurator - Adding resource folder /AtefOsamaProject/src/main/resources
2024-05-15 17:59:10,955 [Worker-8: Enabling Maven Dependency Management] INFO  o.e.m.j.i.AbstractJavaProjectConfigurator - Adding source folder /AtefOsamaProject/src/test/java
2024-05-15 17:59:10,955 [Worker-8: Enabling Maven Dependency Management] INFO  o.e.m.j.i.AbstractJavaProjectConfigurator - Adding resource folder /AtefOsamaProject/src/test/resources
2024-05-15 17:59:11,217 [Worker-8: Enabling Maven Dependency Management] INFO  o.e.m.c.i.p.ProjectConfigurationManager - Update started
2024-05-15 17:59:11,492 [Worker-8: Enabling Maven Dependency Management] INFO  o.e.m.c.i.l.LifecycleMappingFactory - Using org.maven.ide.eclipse.wtp.WarLifecycleMapping lifecycle mapping for MavenProject: AtefOsamaProject:AtefOsamaProject:0.0.1-SNAPSHOT @ C:\Users\marti\OneDrive\Documenti\AtefYasmeenaProject\AtefOsamaProject\pom.xml.
2024-05-15 17:59:11,873 [Worker-8: Enabling Maven Dependency Management] INFO  o.e.m.j.i.AbstractJavaProjectConfigurator - Adding source folder /AtefOsamaProject/src/main/java
2024-05-15 17:59:11,875 [Worker-8: Enabling Maven Dependency Management] INFO  o.e.m.j.i.AbstractJavaProjectConfigurator - Adding resource folder /AtefOsamaProject/src/main/resources
2024-05-15 17:59:11,876 [Worker-8: Enabling Maven Dependency Management] INFO  o.e.m.j.i.AbstractJavaProjectConfigurator - Adding source folder /AtefOsamaProject/src/test/java
2024-05-15 17:59:11,876 [Worker-8: Enabling Maven Dependency Management] INFO  o.e.m.j.i.AbstractJavaProjectConfigurator - Adding resource folder /AtefOsamaProject/src/test/resources
2024-05-15 17:59:11,993 [Worker-8: Enabling Maven Dependency Management] INFO  o.e.m.w.i.f.ResourceFilteringBuildParticipant - Cleaning filtered folder for AtefOsamaProject
2024-05-15 17:59:12,007 [Worker-8: Enabling Maven Dependency Management] INFO  o.e.m.c.i.p.ProjectConfigurationManager - Update completed for 1 poms: local refresh takes 0.00 sec, refresh facades takes 0.00 sec, update config takes 0.00 sec 
2024-05-15 17:59:12,179 [Worker-18: Building] WARN  o.a.m.s.f.DefaultMavenResourcesFiltering - Using platform encoding (Cp1252 actually) to copy filtered resources, i.e. build is platform dependent!
2024-05-15 17:59:12,180 [Worker-18: Building] INFO  o.a.m.s.f.DefaultMavenResourcesFiltering - skip non existing resourceDirectory C:\Users\marti\OneDrive\Documenti\AtefYasmeenaProject\AtefOsamaProject\src\main\resources
2024-05-15 17:59:12,183 [Worker-18: Building] WARN  o.a.m.s.f.DefaultMavenResourcesFiltering - Using platform encoding (Cp1252 actually) to copy filtered resources, i.e. build is platform dependent!
2024-05-15 17:59:12,183 [Worker-18: Building] INFO  o.a.m.s.f.DefaultMavenResourcesFiltering - skip non existing resourceDirectory C:\Users\marti\OneDrive\Documenti\AtefYasmeenaProject\AtefOsamaProject\src\test\resources
2024-05-15 17:59:12,184 [Worker-18: Building] INFO  o.e.m.w.i.f.ResourceFilteringBuildParticipant - Changed resources require a complete clean of filtered resources of AtefOsamaProject
2024-05-15 17:59:12,184 [Worker-18: Building] INFO  o.e.m.w.i.f.ResourceFilteringBuildParticipant - Executing resource filtering for AtefOsamaProject
